2023-09-19 22:51:49 INFO  Browser:20 - Инициализация драйвера
2023-09-19 22:51:49 INFO  BrowserFactory:28 - Создание драйвера CHROME
2023-09-19 22:51:50 INFO  BrowserFactory:40 - Создан драйвер CHROME.
2023-09-19 22:51:51 INFO  StartPage:39 - Открытие стартовой страницы.
2023-09-19 22:51:52 INFO  StartPage:27 - Проверяем, отрыта ли стартовая страница.
2023-09-19 22:51:52 INFO  StartPage:34 - Стартовая страница отображается.
2023-09-19 22:51:52 INFO  QuickNavigationForm:27 - Проверяем, что элемент Автобарахолка отображается на панели быстрого доступа.
2023-09-19 22:51:52 INFO  QuickNavigationForm:32 - Ожидаем отображения и получения элемента Автобарахолка
2023-09-19 22:51:52 INFO  QuickNavigationForm:21 - Перемещаем курсор к элементу Автобарахолка на панели быстрого доступа.
2023-09-19 22:51:52 INFO  QuickNavigationForm:32 - Ожидаем отображения и получения элемента Автобарахолка
2023-09-19 22:51:52 INFO  MainNavigationDropdown:21 - Проверка, что элемент подменю отображается.
2023-09-19 22:51:53 INFO  MainNavigationDropdown:26 - Получение списка элементов у навигационной панели дляАвтобарахолка.
2023-09-19 22:51:53 INFO  Browser:33 - Закрытие браузера
2023-09-19 22:51:53 INFO  Browser:20 - Инициализация драйвера
2023-09-19 22:51:53 INFO  BrowserFactory:28 - Создание драйвера CHROME
2023-09-19 22:51:53 INFO  BrowserFactory:40 - Создан драйвер CHROME.
2023-09-19 22:51:55 INFO  StartPage:39 - Открытие стартовой страницы.
2023-09-19 22:51:55 INFO  StartPage:27 - Проверяем, отрыта ли стартовая страница.
2023-09-19 22:51:55 INFO  StartPage:34 - Стартовая страница отображается.
2023-09-19 22:51:55 INFO  QuickNavigationForm:27 - Проверяем, что элемент Дома и квартиры отображается на панели быстрого доступа.
2023-09-19 22:51:55 INFO  QuickNavigationForm:32 - Ожидаем отображения и получения элемента Дома и квартиры
2023-09-19 22:51:55 INFO  QuickNavigationForm:21 - Перемещаем курсор к элементу Дома и квартиры на панели быстрого доступа.
2023-09-19 22:51:55 INFO  QuickNavigationForm:32 - Ожидаем отображения и получения элемента Дома и квартиры
2023-09-19 22:51:56 INFO  MainNavigationDropdown:21 - Проверка, что элемент подменю отображается.
2023-09-19 22:51:56 INFO  MainNavigationDropdown:26 - Получение списка элементов у навигационной панели дляПродажа.
2023-09-19 22:51:56 INFO  Browser:33 - Закрытие браузера
2023-09-19 22:52:34 INFO  Browser:20 - Инициализация драйвера
2023-09-19 22:52:34 INFO  BrowserFactory:28 - Создание драйвера CHROME
2023-09-19 22:52:35 INFO  BrowserFactory:40 - Создан драйвер CHROME.
2023-09-19 22:52:36 INFO  StartPage:39 - Открытие стартовой страницы.
2023-09-19 22:52:37 INFO  StartPage:27 - Проверяем, отрыта ли стартовая страница.
2023-09-19 22:52:37 INFO  StartPage:34 - Стартовая страница отображается.
2023-09-19 22:52:37 INFO  QuickNavigationForm:27 - Проверяем, что элемент Автобарахолка отображается на панели быстрого доступа.
2023-09-19 22:52:37 INFO  QuickNavigationForm:32 - Ожидаем отображения и получения элемента Автобарахолка
2023-09-19 22:52:37 INFO  QuickNavigationForm:21 - Перемещаем курсор к элементу Автобарахолка на панели быстрого доступа.
2023-09-19 22:52:37 INFO  QuickNavigationForm:32 - Ожидаем отображения и получения элемента Автобарахолка
2023-09-19 22:52:37 INFO  MainNavigationDropdown:21 - Проверка, что элемент подменю отображается.
2023-09-19 22:52:37 INFO  MainNavigationDropdown:26 - Получение списка элементов у навигационной панели дляАвтобарахолка.
2023-09-19 22:52:37 INFO  Browser:33 - Закрытие браузера
2023-09-19 22:52:37 INFO  Browser:20 - Инициализация драйвера
2023-09-19 22:52:37 INFO  BrowserFactory:28 - Создание драйвера CHROME
2023-09-19 22:52:38 INFO  BrowserFactory:40 - Создан драйвер CHROME.
2023-09-19 22:52:39 INFO  StartPage:39 - Открытие стартовой страницы.
2023-09-19 22:52:40 INFO  StartPage:27 - Проверяем, отрыта ли стартовая страница.
2023-09-19 22:52:40 INFO  StartPage:34 - Стартовая страница отображается.
2023-09-19 22:52:40 INFO  QuickNavigationForm:27 - Проверяем, что элемент Дома и квартиры отображается на панели быстрого доступа.
2023-09-19 22:52:40 INFO  QuickNavigationForm:32 - Ожидаем отображения и получения элемента Дома и квартиры
2023-09-19 22:52:40 INFO  QuickNavigationForm:21 - Перемещаем курсор к элементу Дома и квартиры на панели быстрого доступа.
2023-09-19 22:52:40 INFO  QuickNavigationForm:32 - Ожидаем отображения и получения элемента Дома и квартиры
2023-09-19 22:52:40 INFO  MainNavigationDropdown:21 - Проверка, что элемент подменю отображается.
2023-09-19 22:52:43 INFO  Browser:33 - Закрытие браузера
2023-09-19 22:53:13 INFO  Browser:20 - Инициализация драйвера
2023-09-19 22:53:13 INFO  BrowserFactory:28 - Создание драйвера CHROME
2023-09-19 22:53:14 INFO  BrowserFactory:40 - Создан драйвер CHROME.
2023-09-19 22:53:16 INFO  StartPage:39 - Открытие стартовой страницы.
2023-09-19 22:53:16 INFO  StartPage:27 - Проверяем, отрыта ли стартовая страница.
2023-09-19 22:53:16 INFO  Browser:33 - Закрытие браузера
2023-09-19 22:53:16 INFO  Browser:33 - Закрытие браузера
2023-09-19 22:54:20 INFO  Browser:20 - Инициализация драйвера
2023-09-19 22:54:20 INFO  BrowserFactory:28 - Создание драйвера CHROME
2023-09-19 22:54:21 INFO  BrowserFactory:40 - Создан драйвер CHROME.
2023-09-19 22:54:22 INFO  StartPage:39 - Открытие стартовой страницы.
2023-09-19 22:54:23 INFO  StartPage:27 - Проверяем, отрыта ли стартовая страница.
2023-09-19 22:54:43 ERROR StartPage:31 - Стартовая страница не отображается.
2023-09-19 22:54:43 INFO  Browser:33 - Закрытие браузера
2023-09-19 22:54:43 INFO  Browser:20 - Инициализация драйвера
2023-09-19 22:54:43 INFO  BrowserFactory:28 - Создание драйвера CHROME
2023-09-19 22:54:43 INFO  BrowserFactory:40 - Создан драйвер CHROME.
2023-09-19 22:54:45 INFO  StartPage:39 - Открытие стартовой страницы.
2023-09-19 22:54:45 INFO  StartPage:27 - Проверяем, отрыта ли стартовая страница.
2023-09-19 22:55:05 ERROR StartPage:31 - Стартовая страница не отображается.
2023-09-19 22:55:05 INFO  Browser:33 - Закрытие браузера2023-09-20 20:00:23 INFO  Browser:18 - Инициализация драйвера
2023-09-20 20:00:23 INFO  BrowserFactory:27 - Создание драйвера CHROME
2023-09-20 20:00:25 INFO  BrowserFactory:39 - Создан драйвер CHROME.
2023-09-20 20:00:26 INFO  StartPage:38 - Открытие стартовой страницы.
2023-09-20 20:00:26 INFO  StartPage:26 - Проверяем, отрыта ли стартовая страница.
2023-09-20 20:00:26 INFO  StartPage:33 - Стартовая страница отображается.
2023-09-20 20:00:26 INFO  QuickNavigationForm:27 - Проверяем, что элемент Автобарахолка отображается на панели быстрого доступа.
2023-09-20 20:00:26 INFO  QuickNavigationForm:32 - Ожидаем отображения и получения элемента Автобарахолка
2023-09-20 20:00:26 INFO  QuickNavigationForm:21 - Перемещаем курсор к элементу Автобарахолка на панели быстрого доступа.
2023-09-20 20:00:26 INFO  QuickNavigationForm:32 - Ожидаем отображения и получения элемента Автобарахолка
2023-09-20 20:00:27 INFO  MainNavigationDropdown:20 - Проверка, что элемент подменю отображается.
2023-09-20 20:00:27 INFO  MainNavigationDropdown:25 - Получение списка элементов у навигационной панели дляАвтобарахолка.
2023-09-20 20:00:27 INFO  Browser:31 - Закрытие браузера
2023-09-20 20:00:27 INFO  Browser:18 - Инициализация драйвера
2023-09-20 20:00:27 INFO  BrowserFactory:27 - Создание драйвера CHROME
2023-09-20 20:00:28 INFO  BrowserFactory:39 - Создан драйвер CHROME.
2023-09-20 20:00:29 INFO  StartPage:38 - Открытие стартовой страницы.
2023-09-20 20:00:29 INFO  StartPage:26 - Проверяем, отрыта ли стартовая страница.
2023-09-20 20:00:29 INFO  StartPage:33 - Стартовая страница отображается.
2023-09-20 20:00:29 INFO  QuickNavigationForm:27 - Проверяем, что элемент Дома и квартиры отображается на панели быстрого доступа.
2023-09-20 20:00:29 INFO  QuickNavigationForm:32 - Ожидаем отображения и получения элемента Дома и квартиры
2023-09-20 20:00:29 INFO  QuickNavigationForm:21 - Перемещаем курсор к элементу Дома и квартиры на панели быстрого доступа.
2023-09-20 20:00:29 INFO  QuickNavigationForm:32 - Ожидаем отображения и получения элемента Дома и квартиры
2023-09-20 20:00:29 INFO  MainNavigationDropdown:20 - Проверка, что элемент подменю отображается.
2023-09-20 20:00:30 INFO  MainNavigationDropdown:25 - Получение списка элементов у навигационной панели дляПродажа.
2023-09-20 20:00:30 INFO  Browser:31 - Закрытие браузера
